<?xml version="1.0" encoding="UTF-8"?>
<testng-results skipped="0" failed="0" ignored="0" total="1" passed="1">
  <reporter-output>
  </reporter-output>
  <suite name="Suite" duration-ms="13264" started-at="2022-09-09T17:50:12 IST" finished-at="2022-09-09T17:50:26 IST">
    <groups>
    </groups>
    <test name="Test" duration-ms="13264" started-at="2022-09-09T17:50:12 IST" finished-at="2022-09-09T17:50:26 IST">
      <class name="JenkinMavenPrgrm.JenkinsPrgrmMaven">
        <test-method status="PASS" signature="setup()[pri:0, instance:JenkinMavenPrgrm.JenkinsPrgrmMaven@7a1ebcd8]" name="setup" is-config="true" duration-ms="8584" started-at="2022-09-09T17:50:12 IST" finished-at="2022-09-09T17:50:21 IST">
          <reporter-output>
          </reporter-output>
        </test-method> <!-- setup -->
        <test-method status="PASS" signature="test()[pri:0, instance:JenkinMavenPrgrm.JenkinsPrgrmMaven@7a1ebcd8]" name="test" duration-ms="2088" started-at="2022-09-09T17:50:21 IST" finished-at="2022-09-09T17:50:23 IST">
          <reporter-output>
          </reporter-output>
        </test-method> <!-- test -->
        <test-method status="PASS" signature="teardown()[pri:0, instance:JenkinMavenPrgrm.JenkinsPrgrmMaven@7a1ebcd8]" name="teardown" is-config="true" duration-ms="2468" started-at="2022-09-09T17:50:23 IST" finished-at="2022-09-09T17:50:26 IST">
          <reporter-output>
          </reporter-output>
        </test-method> <!-- teardown -->
      </class> <!-- JenkinMavenPrgrm.JenkinsPrgrmMaven -->
    </test> <!-- Test -->
  </suite> <!-- Suite -->
</testng-results>
